Started by user admin
Running as SYSTEM
Building in workspace /var/jenkins_home/workspace/Udacity-JWDND-ECommerce-App
[WS-CLEANUP] Deleting project workspace...
[WS-CLEANUP] Deferred wipeout is used...
The recommended git tool is: NONE
No credentials specified
Cloning the remote Git repository
Cloning repository git@github.com:gereon-boehm/nd035-c4-Security-and-DevOps.git
 > git init /var/jenkins_home/workspace/Udacity-JWDND-ECommerce-App # timeout=10
Fetching upstream changes from git@github.com:gereon-boehm/nd035-c4-Security-and-DevOps.git
 > git --version # timeout=10
 > git --version # 'git version 2.32.0'
 > git fetch --tags --force --progress -- git@github.com:gereon-boehm/nd035-c4-Security-and-DevOps.git +refs/heads/*:refs/remotes/origin/* # timeout=10
 > git config remote.origin.url git@github.com:gereon-boehm/nd035-c4-Security-and-DevOps.git # timeout=10
 > git config --add remote.origin.fetch +refs/heads/*:refs/remotes/origin/* # timeout=10
Avoid second fetch
 > git rev-parse refs/remotes/origin/master^{commit} # timeout=10
Checking out Revision 868ef8f3964ccf39f5cd35c5aaa21bdef137502b (refs/remotes/origin/master)
 > git config core.sparsecheckout # timeout=10
 > git checkout -f 868ef8f3964ccf39f5cd35c5aaa21bdef137502b # timeout=10
Commit message: "Remove target folder"
 > git rev-list --no-walk e75b01a6538518556aeea9ec497b9523212aa850 # timeout=10
[Udacity-JWDND-ECommerce-App] $ mvn -f starter_code/pom.xml clean compile package
[INFO] Scanning for projects...
[INFO] 
[INFO] ----------------------< com.example:auth-course >-----------------------
[INFO] Building auth-course 0.0.1-SNAPSHOT
[INFO] --------------------------------[ war ]---------------------------------
Downloading from central: https://repo.maven.apache.org/maven2/org/springframework/boot/spring-boot-starter-security/2.1.5.RELEASE/spring-boot-starter-security-2.1.5.RELEASE.pom
Progress (1): 2.7/2.8 kBProgress (1): 2.8 kB                        Downloaded from central: https://repo.maven.apache.org/maven2/org/springframework/boot/spring-boot-starter-security/2.1.5.RELEASE/spring-boot-starter-security-2.1.5.RELEASE.pom (2.8 kB at 4.8 kB/s)
Downloading from central: https://repo.maven.apache.org/maven2/org/springframework/security/spring-security-config/5.1.5.RELEASE/spring-security-config-5.1.5.RELEASE.pom
Progress (1): 2.7/16 kBProgress (1): 5.5/16 kBProgress (1): 8.2/16 kBProgress (1): 11/16 kB Progress (1): 14/16 kBProgress (1): 16 kB                      Downloaded from central: https://repo.maven.apache.org/maven2/org/springframework/security/spring-security-config/5.1.5.RELEASE/spring-security-config-5.1.5.RELEASE.pom (16 kB at 137 kB/s)
Downloading from central: https://repo.maven.apache.org/maven2/org/springframework/security/spring-security-core/5.1.5.RELEASE/spring-security-core-5.1.5.RELEASE.pom
Progress (1): 2.7/6.8 kBProgress (1): 5.5/6.8 kBProgress (1): 6.8 kB                        Downloaded from central: https://repo.maven.apache.org/maven2/org/springframework/security/spring-security-core/5.1.5.RELEASE/spring-security-core-5.1.5.RELEASE.pom (6.8 kB at 113 kB/s)
Downloading from central: https://repo.maven.apache.org/maven2/org/springframework/security/spring-security-web/5.1.5.RELEASE/spring-security-web-5.1.5.RELEASE.pom
Progress (1): 2.7/8.5 kBProgress (1): 5.5/8.5 kBProgress (1): 8.2/8.5 kBProgress (1): 8.5 kB                        Downloaded from central: https://repo.maven.apache.org/maven2/org/springframework/security/spring-security-web/5.1.5.RELEASE/spring-security-web-5.1.5.RELEASE.pom (8.5 kB at 152 kB/s)
Downloading from central: https://repo.maven.apache.org/maven2/com/auth0/java-jwt/3.18.2/java-jwt-3.18.2.pom
Progress (1): 1.6 kB                    Downloaded from central: https://repo.maven.apache.org/maven2/com/auth0/java-jwt/3.18.2/java-jwt-3.18.2.pom (1.6 kB at 44 kB/s)
Downloading from central: https://repo.maven.apache.org/maven2/org/springframework/security/spring-security-test/5.1.5.RELEASE/spring-security-test-5.1.5.RELEASE.pom
Progress (1): 2.7/6.0 kBProgress (1): 5.5/6.0 kBProgress (1): 6.0 kB                        Downloaded from central: https://repo.maven.apache.org/maven2/org/springframework/security/spring-security-test/5.1.5.RELEASE/spring-security-test-5.1.5.RELEASE.pom (6.0 kB at 137 kB/s)
Downloading from central: https://repo.maven.apache.org/maven2/log4j/log4j/1.2.17/log4j-1.2.17.pom
Progress (1): 2.7/22 kBProgress (1): 5.5/22 kBProgress (1): 8.2/22 kBProgress (1): 11/22 kB Progress (1): 14/22 kBProgress (1): 16/22 kBProgress (1): 21/22 kBProgress (1): 22 kB                      Downloaded from central: https://repo.maven.apache.org/maven2/log4j/log4j/1.2.17/log4j-1.2.17.pom (22 kB at 211 kB/s)
Downloading from central: https://repo.maven.apache.org/maven2/org/springframework/boot/spring-boot-starter-security/2.1.5.RELEASE/spring-boot-starter-security-2.1.5.RELEASE.jar
Downloading from central: https://repo.maven.apache.org/maven2/org/springframework/security/spring-security-test/5.1.5.RELEASE/spring-security-test-5.1.5.RELEASE.jar
Downloading from central: https://repo.maven.apache.org/maven2/com/auth0/java-jwt/3.18.2/java-jwt-3.18.2.jar
Downloading from central: https://repo.maven.apache.org/maven2/org/springframework/security/spring-security-web/5.1.5.RELEASE/spring-security-web-5.1.5.RELEASE.jar
Downloading from central: https://repo.maven.apache.org/maven2/org/springframework/security/spring-security-config/5.1.5.RELEASE/spring-security-config-5.1.5.RELEASE.jar
Progress (1): 406 BProgress (2): 406 B | 4.1/538 kBProgress (2): 406 B | 8.2/538 kBProgress (2): 406 B | 12/538 kB Progress (2): 406 B | 16/538 kBProgress (2): 406 B | 20/538 kBProgress (2): 406 B | 25/538 kBProgress (2): 406 B | 29/538 kBProgress (2): 406 B | 33/538 kBProgress (2): 406 B | 37/538 kBProgress (2): 406 B | 41/538 kBProgress (2): 406 B | 45/538 kBProgress (2): 406 B | 49/538 kBProgress (2): 406 B | 53/538 kBProgress (2): 406 B | 57/538 kBProgress (2): 406 B | 61/538 kBProgress (2): 406 B | 66/538 kBProgress (2): 406 B | 70/538 kBProgress (2): 406 B | 74/538 kBProgress (2): 406 B | 78/538 kBProgress (2): 406 B | 82/538 kBProgress (2): 406 B | 86/538 kBProgress (3): 406 B | 86/538 kB | 2.7/779 kBProgress (3): 406 B | 86/538 kB | 5.5/779 kBProgress (3): 406 B | 86/538 kB | 8.2/779 kBProgress (3): 406 B | 86/538 kB | 11/779 kB Progress (3): 406 B | 86/538 kB | 14/779 kBProgress (3): 406 B | 90/538 kB | 14/779 kBProgress (3): 406 B | 90/538 kB | 16/779 kBProgress (3): 406 B | 90/538 kB | 19/779 kBProgress (3): 406 B | 90/538 kB | 22/779 kBProgress (3): 406 B | 90/538 kB | 25/779 kBProgress (3): 406 B | 94/538 kB | 25/779 kBProgress (3): 406 B | 98/538 kB | 25/779 kBProgress (3): 406 B | 102/538 kB | 25/779 kBProgress (3): 406 B | 106/538 kB | 25/779 kBProgress (3): 406 B | 111/538 kB | 25/779 kBProgress (3): 406 B | 115/538 kB | 25/779 kBProgress (3): 406 B | 119/538 kB | 25/779 kBProgress (3): 406 B | 119/538 kB | 27/779 kBProgress (3): 406 B | 119/538 kB | 30/779 kBProgress (3): 406 B | 119/538 kB | 33/779 kBProgress (3): 406 B | 119/538 kB | 36/779 kBProgress (3): 406 B | 119/538 kB | 38/779 kBProgress (3): 406 B | 123/538 kB | 38/779 kBProgress (3): 406 B | 127/538 kB | 38/779 kBProgress (3): 406 B | 131/538 kB | 38/779 kBProgress (3): 406 B | 135/538 kB | 38/779 kBProgress (3): 406 B | 135/538 kB | 41/779 kBProgress (3): 406 B | 135/538 kB | 44/779 kBProgress (3): 406 B | 135/538 kB | 47/779 kBProgress (3): 406 B | 135/538 kB | 49/779 kBProgress (3): 406 B | 135/538 kB | 52/779 kBProgress (3): 406 B | 135/538 kB | 55/779 kBProgress (3): 406 B | 139/538 kB | 55/779 kBProgress (3): 406 B | 143/538 kB | 55/779 kBProgress (3): 406 B | 147/538 kB | 55/779 kBProgress (3): 406 B | 152/538 kB | 55/779 kBProgress (3): 406 B | 156/538 kB | 55/779 kBProgress (3): 406 B | 160/538 kB | 55/779 kBProgress (3): 406 B | 164/538 kB | 55/779 kBProgress (3): 406 B | 164/538 kB | 58/779 kBProgress (4): 406 B | 164/538 kB | 58/779 kB | 2.7/58 kBProgress (4): 406 B | 164/538 kB | 58/779 kB | 5.5/58 kBProgress (4): 406 B | 164/538 kB | 58/779 kB | 8.2/58 kBProgress (5): 406 B | 164/538 kB | 58/779 kB | 8.2/58 kB | 2.7/71 kBProgress (5): 406 B | 164/538 kB | 58/779 kB | 11/58 kB | 2.7/71 kB Progress (5): 406 B | 168/538 kB | 58/779 kB | 11/58 kB | 2.7/71 kBProgress (5): 406 B | 168/538 kB | 60/779 kB | 11/58 kB | 2.7/71 kBProgress (5): 406 B | 172/538 kB | 60/779 kB | 11/58 kB | 2.7/71 kBProgress (5): 406 B | 176/538 kB | 60/779 kB | 11/58 kB | 2.7/71 kBProgress (5): 406 B | 180/538 kB | 60/779 kB | 11/58 kB | 2.7/71 kB                                                                   Downloaded from central: https://repo.maven.apache.org/maven2/org/springframework/boot/spring-boot-starter-security/2.1.5.RELEASE/spring-boot-starter-security-2.1.5.RELEASE.jar (406 B at 1.5 kB/s)
Progress (4): 180/538 kB | 60/779 kB | 11/58 kB | 5.5/71 kB                                                           Downloading from central: https://repo.maven.apache.org/maven2/org/springframework/security/spring-security-core/5.1.5.RELEASE/spring-security-core-5.1.5.RELEASE.jar
Progress (4): 184/538 kB | 60/779 kB | 11/58 kB | 5.5/71 kBProgress (4): 188/538 kB | 60/779 kB | 11/58 kB | 5.5/71 kBProgress (4): 193/538 kB | 60/779 kB | 11/58 kB | 5.5/71 kBProgress (4): 197/538 kB | 60/779 kB | 11/58 kB | 5.5/71 kBProgress (4): 197/538 kB | 60/779 kB | 14/58 kB | 5.5/71 kBProgress (4): 197/538 kB | 63/779 kB | 14/58 kB | 5.5/71 kBProgress (4): 197/538 kB | 63/779 kB | 14/58 kB | 8.2/71 kBProgress (4): 197/538 kB | 63/779 kB | 16/58 kB | 8.2/71 kBProgress (4): 197/538 kB | 66/779 kB | 16/58 kB | 8.2/71 kBProgress (4): 197/538 kB | 66/779 kB | 19/58 kB | 8.2/71 kBProgress (4): 197/538 kB | 70/779 kB | 19/58 kB | 8.2/71 kBProgress (4): 197/538 kB | 74/779 kB | 19/58 kB | 8.2/71 kBProgress (4): 197/538 kB | 78/779 kB | 19/58 kB | 8.2/71 kBProgress (4): 197/538 kB | 82/779 kB | 19/58 kB | 8.2/71 kBProgress (4): 197/538 kB | 86/779 kB | 19/58 kB | 8.2/71 kBProgress (4): 197/538 kB | 90/779 kB | 19/58 kB | 8.2/71 kBProgress (4): 197/538 kB | 90/779 kB | 19/58 kB | 11/71 kB Progress (4): 201/538 kB | 90/779 kB | 19/58 kB | 11/71 kBProgress (4): 201/538 kB | 90/779 kB | 22/58 kB | 11/71 kBProgress (4): 205/538 kB | 90/779 kB | 22/58 kB | 11/71 kBProgress (4): 209/538 kB | 90/779 kB | 22/58 kB | 11/71 kBProgress (4): 213/538 kB | 90/779 kB | 22/58 kB | 11/71 kBProgress (4): 213/538 kB | 94/779 kB | 22/58 kB | 11/71 kBProgress (4): 213/538 kB | 99/779 kB | 22/58 kB | 11/71 kBProgress (4): 213/538 kB | 99/779 kB | 22/58 kB | 14/71 kBProgress (4): 217/538 kB | 99/779 kB | 22/58 kB | 14/71 kBProgress (4): 217/538 kB | 99/779 kB | 25/58 kB | 14/71 kBProgress (4): 217/538 kB | 99/779 kB | 25/58 kB | 16/71 kBProgress (4): 217/538 kB | 99/779 kB | 27/58 kB | 16/71 kBProgress (4): 217/538 kB | 99/779 kB | 27/58 kB | 19/71 kBProgress (4): 217/538 kB | 99/779 kB | 30/58 kB | 19/71 kBProgress (4): 217/538 kB | 99/779 kB | 30/58 kB | 22/71 kBProgress (4): 221/538 kB | 99/779 kB | 30/58 kB | 22/71 kBProgress (4): 221/538 kB | 99/779 kB | 33/58 kB | 22/71 kBProgress (4): 221/538 kB | 99/779 kB | 36/58 kB | 22/71 kBProgress (4): 221/538 kB | 99/779 kB | 38/58 kB | 22/71 kBProgress (4): 221/538 kB | 99/779 kB | 41/58 kB | 22/71 kBProgress (4): 221/538 kB | 99/779 kB | 41/58 kB | 25/71 kBProgress (4): 221/538 kB | 99/779 kB | 41/58 kB | 27/71 kBProgress (5): 221/538 kB | 99/779 kB | 41/58 kB | 27/71 kB | 2.7/433 kBProgress (5): 221/538 kB | 99/779 kB | 41/58 kB | 30/71 kB | 2.7/433 kBProgress (5): 221/538 kB | 99/779 kB | 44/58 kB | 30/71 kB | 2.7/433 kBProgress (5): 225/538 kB | 99/779 kB | 44/58 kB | 30/71 kB | 2.7/433 kBProgress (5): 229/538 kB | 99/779 kB | 44/58 kB | 30/71 kB | 2.7/433 kBProgress (5): 233/538 kB | 99/779 kB | 44/58 kB | 30/71 kB | 2.7/433 kBProgress (5): 233/538 kB | 103/779 kB | 44/58 kB | 30/71 kB | 2.7/433 kBProgress (5): 238/538 kB | 103/779 kB | 44/58 kB | 30/71 kB | 2.7/433 kBProgress (5): 242/538 kB | 103/779 kB | 44/58 kB | 30/71 kB | 2.7/433 kBProgress (5): 246/538 kB | 103/779 kB | 44/58 kB | 30/71 kB | 2.7/433 kBProgress (5): 250/538 kB | 103/779 kB | 44/58 kB | 30/71 kB | 2.7/433 kBProgress (5): 250/538 kB | 103/779 kB | 44/58 kB | 33/71 kB | 2.7/433 kBProgress (5): 250/538 kB | 103/779 kB | 44/58 kB | 33/71 kB | 5.5/433 kBProgress (5): 250/538 kB | 103/779 kB | 44/58 kB | 33/71 kB | 8.2/433 kBProgress (5): 250/538 kB | 103/779 kB | 44/58 kB | 33/71 kB | 11/433 kB Progress (5): 250/538 kB | 103/779 kB | 44/58 kB | 33/71 kB | 14/433 kBProgress (5): 250/538 kB | 103/779 kB | 44/58 kB | 33/71 kB | 16/433 kBProgress (5): 250/538 kB | 103/779 kB | 44/58 kB | 33/71 kB | 19/433 kBProgress (5): 254/538 kB | 103/779 kB | 44/58 kB | 33/71 kB | 19/433 kBProgress (5): 258/538 kB | 103/779 kB | 44/58 kB | 33/71 kB | 19/433 kBProgress (5): 262/538 kB | 103/779 kB | 44/58 kB | 33/71 kB | 19/433 kBProgress (5): 266/538 kB | 103/779 kB | 44/58 kB | 33/71 kB | 19/433 kBProgress (5): 266/538 kB | 103/779 kB | 47/58 kB | 33/71 kB | 19/433 kBProgress (5): 270/538 kB | 103/779 kB | 47/58 kB | 33/71 kB | 19/433 kBProgress (5): 270/538 kB | 107/779 kB | 47/58 kB | 33/71 kB | 19/433 kBProgress (5): 274/538 kB | 107/779 kB | 47/58 kB | 33/71 kB | 19/433 kBProgress (5): 274/538 kB | 107/779 kB | 49/58 kB | 33/71 kB | 19/433 kBProgress (5): 274/538 kB | 107/779 kB | 52/58 kB | 33/71 kB | 19/433 kBProgress (5): 274/538 kB | 107/779 kB | 55/58 kB | 33/71 kB | 19/433 kBProgress (5): 274/538 kB | 107/779 kB | 58 kB | 33/71 kB | 19/433 kB   Progress (5): 274/538 kB | 107/779 kB | 58 kB | 33/71 kB | 22/433 kBProgress (5): 274/538 kB | 107/779 kB | 58 kB | 36/71 kB | 22/433 kBProgress (5): 279/538 kB | 107/779 kB | 58 kB | 36/71 kB | 22/433 kBProgress (5): 279/538 kB | 111/779 kB | 58 kB | 36/71 kB | 22/433 kBProgress (5): 279/538 kB | 115/779 kB | 58 kB | 36/71 kB | 22/433 kBProgress (5): 279/538 kB | 119/779 kB | 58 kB | 36/71 kB | 22/433 kBProgress (5): 279/538 kB | 119/779 kB | 58 kB | 38/71 kB | 22/433 kBProgress (5): 279/538 kB | 119/779 kB | 58 kB | 41/71 kB | 22/433 kBProgress (5): 279/538 kB | 119/779 kB | 58 kB | 41/71 kB | 25/433 kBProgress (5): 279/538 kB | 119/779 kB | 58 kB | 44/71 kB | 25/433 kBProgress (5): 279/538 kB | 119/779 kB | 58 kB | 47/71 kB | 25/433 kBProgress (5): 279/538 kB | 119/779 kB | 58 kB | 49/71 kB | 25/433 kBProgress (5): 279/538 kB | 119/779 kB | 58 kB | 52/71 kB | 25/433 kBProgress (5): 279/538 kB | 119/779 kB | 58 kB | 52/71 kB | 27/433 kBProgress (5): 283/538 kB | 119/779 kB | 58 kB | 52/71 kB | 27/433 kBProgress (5): 287/538 kB | 119/779 kB | 58 kB | 52/71 kB | 27/433 kBProgress (5): 287/538 kB | 119/779 kB | 58 kB | 55/71 kB | 27/433 kBProgress (5): 287/538 kB | 123/779 kB | 58 kB | 55/71 kB | 27/433 kBProgress (5): 287/538 kB | 127/779 kB | 58 kB | 55/71 kB | 27/433 kBProgress (5): 287/538 kB | 131/779 kB | 58 kB | 55/71 kB | 27/433 kBProgress (5): 287/538 kB | 135/779 kB | 58 kB | 55/71 kB | 27/433 kBProgress (5): 287/538 kB | 140/779 kB | 58 kB | 55/71 kB | 27/433 kBProgress (5): 287/538 kB | 144/779 kB | 58 kB | 55/71 kB | 27/433 kBProgress (5): 287/538 kB | 148/779 kB | 58 kB | 55/71 kB | 27/433 kBProgress (5): 287/538 kB | 152/779 kB | 58 kB | 55/71 kB | 27/433 kBProgress (5): 287/538 kB | 156/779 kB | 58 kB | 55/71 kB | 27/433 kBProgress (5): 287/538 kB | 160/779 kB | 58 kB | 55/71 kB | 27/433 kBProgress (5): 287/538 kB | 160/779 kB | 58 kB | 55/71 kB | 30/433 kBProgress (5): 287/538 kB | 164/779 kB | 58 kB | 55/71 kB | 30/433 kBProgress (5): 287/538 kB | 164/779 kB | 58 kB | 58/71 kB | 30/433 kBProgress (5): 287/538 kB | 164/779 kB | 58 kB | 58/71 kB | 33/433 kBProgress (5): 287/538 kB | 164/779 kB | 58 kB | 58/71 kB | 36/433 kBProgress (5): 287/538 kB | 164/779 kB | 58 kB | 60/71 kB | 36/433 kBProgress (5): 287/538 kB | 164/779 kB | 58 kB | 63/71 kB | 36/433 kBProgress (5): 291/538 kB | 164/779 kB | 58 kB | 63/71 kB | 36/433 kBProgress (5): 291/538 kB | 164/779 kB | 58 kB | 63/71 kB | 38/433 kBProgress (5): 291/538 kB | 164/779 kB | 58 kB | 63/71 kB | 41/433 kBProgress (5): 291/538 kB | 164/779 kB | 58 kB | 63/71 kB | 44/433 kBProgress (5): 295/538 kB | 164/779 kB | 58 kB | 63/71 kB | 44/433 kBProgress (5): 299/538 kB | 164/779 kB | 58 kB | 63/71 kB | 44/433 kBProgress (5): 299/538 kB | 164/779 kB | 58 kB | 66/71 kB | 44/433 kBProgress (5): 303/538 kB | 164/779 kB | 58 kB | 66/71 kB | 44/433 kBProgress (5): 307/538 kB | 164/779 kB | 58 kB | 66/71 kB | 44/433 kBProgress (5): 311/538 kB | 164/779 kB | 58 kB | 66/71 kB | 44/433 kBProgress (5): 315/538 kB | 164/779 kB | 58 kB | 66/71 kB | 44/433 kBProgress (5): 315/538 kB | 164/779 kB | 58 kB | 66/71 kB | 47/433 kBProgress (5): 315/538 kB | 164/779 kB | 58 kB | 66/71 kB | 49/433 kBProgress (5): 315/538 kB | 164/779 kB | 58 kB | 66/71 kB | 52/433 kBProgress (5): 315/538 kB | 164/779 kB | 58 kB | 66/71 kB | 55/433 kBProgress (5): 315/538 kB | 168/779 kB | 58 kB | 66/71 kB | 55/433 kBProgress (5): 315/538 kB | 168/779 kB | 58 kB | 70/71 kB | 55/433 kBProgress (5): 315/538 kB | 172/779 kB | 58 kB | 70/71 kB | 55/433 kBProgress (5): 319/538 kB | 172/779 kB | 58 kB | 70/71 kB | 55/433 kBProgress (5): 319/538 kB | 176/779 kB | 58 kB | 70/71 kB | 55/433 kBProgress (5): 319/538 kB | 180/779 kB | 58 kB | 70/71 kB | 55/433 kBProgress (5): 319/538 kB | 185/779 kB | 58 kB | 70/71 kB | 55/433 kBProgress (5): 319/538 kB | 189/779 kB | 58 kB | 70/71 kB | 55/433 kBProgress (5): 319/538 kB | 189/779 kB | 58 kB | 71 kB | 55/433 kB   Progress (5): 319/538 kB | 193/779 kB | 58 kB | 71 kB | 55/433 kBProgress (5): 319/538 kB | 197/779 kB | 58 kB | 71 kB | 55/433 kBProgress (5): 319/538 kB | 201/779 kB | 58 kB | 71 kB | 55/433 kBProgress (5): 319/538 kB | 205/779 kB | 58 kB | 71 kB | 55/433 kBProgress (5): 319/538 kB | 209/779 kB | 58 kB | 71 kB | 55/433 kBProgress (5): 319/538 kB | 213/779 kB | 58 kB | 71 kB | 55/433 kBProgress (5): 324/538 kB | 213/779 kB | 58 kB | 71 kB | 55/433 kBProgress (5): 328/538 kB | 213/779 kB | 58 kB | 71 kB | 55/433 kBProgress (5): 328/538 kB | 213/779 kB | 58 kB | 71 kB | 58/433 kBProgress (5): 328/538 kB | 213/779 kB | 58 kB | 71 kB | 60/433 kBProgress (5): 328/538 kB | 213/779 kB | 58 kB | 71 kB | 63/433 kBProgress (5): 332/538 kB | 213/779 kB | 58 kB | 71 kB | 63/433 kBProgress (5): 332/538 kB | 213/779 kB | 58 kB | 71 kB | 66/433 kBProgress (5): 336/538 kB | 213/779 kB | 58 kB | 71 kB | 66/433 kBProgress (5): 336/538 kB | 213/779 kB | 58 kB | 71 kB | 70/433 kB                                                                 Downloaded from central: https://repo.maven.apache.org/maven2/com/auth0/java-jwt/3.18.2/java-jwt-3.18.2.jar (58 kB at 127 kB/s)
Downloading from central: https://repo.maven.apache.org/maven2/log4j/log4j/1.2.17/log4j-1.2.17.jar
Progress (4): 336/538 kB | 217/779 kB | 71 kB | 70/433 kBProgress (4): 336/538 kB | 221/779 kB | 71 kB | 70/433 kBProgress (4): 336/538 kB | 221/779 kB | 71 kB | 74/433 kBProgress (4): 340/538 kB | 221/779 kB | 71 kB | 74/433 kBProgress (4): 344/538 kB | 221/779 kB | 71 kB | 74/433 kBProgress (4): 344/538 kB | 226/779 kB | 71 kB | 74/433 kBProgress (4): 344/538 kB | 226/779 kB | 71 kB | 78/433 kBProgress (4): 344/538 kB | 230/779 kB | 71 kB | 78/433 kBProgress (4): 348/538 kB | 230/779 kB | 71 kB | 78/433 kBProgress (4): 348/538 kB | 234/779 kB | 71 kB | 78/433 kBProgress (4): 348/538 kB | 238/779 kB | 71 kB | 78/433 kBProgress (4): 348/538 kB | 242/779 kB | 71 kB | 78/433 kBProgress (4): 348/538 kB | 242/779 kB | 71 kB | 82/433 kBProgress (4): 348/538 kB | 246/779 kB | 71 kB | 82/433 kBProgress (4): 352/538 kB | 246/779 kB | 71 kB | 82/433 kBProgress (4): 352/538 kB | 250/779 kB | 71 kB | 82/433 kBProgress (4): 352/538 kB | 250/779 kB | 71 kB | 86/433 kBProgress (4): 352/538 kB | 254/779 kB | 71 kB | 86/433 kBProgress (4): 356/538 kB | 254/779 kB | 71 kB | 86/433 kBProgress (4): 356/538 kB | 258/779 kB | 71 kB | 86/433 kBProgress (4): 356/538 kB | 262/779 kB | 71 kB | 86/433 kBProgress (4): 356/538 kB | 267/779 kB | 71 kB | 86/433 kBProgress (4): 356/538 kB | 267/779 kB | 71 kB | 90/433 kBProgress (4): 356/538 kB | 267/779 kB | 71 kB | 94/433 kBProgress (4): 356/538 kB | 267/779 kB | 71 kB | 99/433 kBProgress (4): 360/538 kB | 267/779 kB | 71 kB | 99/433 kBProgress (4): 365/538 kB | 267/779 kB | 71 kB | 99/433 kBProgress (4): 365/538 kB | 271/779 kB | 71 kB | 99/433 kBProgress (4): 365/538 kB | 271/779 kB | 71 kB | 103/433 kBProgress (4): 365/538 kB | 271/779 kB | 71 kB | 107/433 kBProgress (4): 365/538 kB | 271/779 kB | 71 kB | 111/433 kBProgress (4): 365/538 kB | 271/779 kB | 71 kB | 115/433 kBProgress (4): 365/538 kB | 275/779 kB | 71 kB | 115/433 kBProgress (4): 365/538 kB | 279/779 kB | 71 kB | 115/433 kBProgress (4): 369/538 kB | 279/779 kB | 71 kB | 115/433 kBProgress (4): 369/538 kB | 283/779 kB | 71 kB | 115/433 kBProgress (4): 373/538 kB | 283/779 kB | 71 kB | 115/433 kBProgress (4): 373/538 kB | 287/779 kB | 71 kB | 115/433 kBProgress (4): 377/538 kB | 287/779 kB | 71 kB | 115/433 kBProgress (4): 377/538 kB | 291/779 kB | 71 kB | 115/433 kBProgress (4): 381/538 kB | 291/779 kB | 71 kB | 115/433 kBProgress (4): 381/538 kB | 295/779 kB | 71 kB | 115/433 kBProgress (4): 385/538 kB | 295/779 kB | 71 kB | 115/433 kBProgress (4): 385/538 kB | 299/779 kB | 71 kB | 115/433 kBProgress (4): 389/538 kB | 299/779 kB | 71 kB | 115/433 kBProgress (4): 389/538 kB | 303/779 kB | 71 kB | 115/433 kBProgress (4): 393/538 kB | 303/779 kB | 71 kB | 115/433 kBProgress (4): 393/538 kB | 307/779 kB | 71 kB | 115/433 kBProgress (4): 397/538 kB | 307/779 kB | 71 kB | 115/433 kBProgress (4): 397/538 kB | 312/779 kB | 71 kB | 115/433 kBProgress (4): 401/538 kB | 312/779 kB | 71 kB | 115/433 kBProgress (4): 401/538 kB | 316/779 kB | 71 kB | 115/433 kBProgress (4): 406/538 kB | 316/779 kB | 71 kB | 115/433 kBProgress (4): 406/538 kB | 320/779 kB | 71 kB | 115/433 kBProgress (4): 410/538 kB | 320/779 kB | 71 kB | 115/433 kBProgress (4): 410/538 kB | 324/779 kB | 71 kB | 115/433 kBProgress (4): 414/538 kB | 324/779 kB | 71 kB | 115/433 kBProgress (4): 414/538 kB | 328/779 kB | 71 kB | 115/433 kBProgress (4): 418/538 kB | 328/779 kB | 71 kB | 115/433 kBProgress (4): 418/538 kB | 332/779 kB | 71 kB | 115/433 kBProgress (4): 418/538 kB | 336/779 kB | 71 kB | 115/433 kBProgress (4): 418/538 kB | 340/779 kB | 71 kB | 115/433 kBProgress (4): 418/538 kB | 344/779 kB | 71 kB | 115/433 kBProgress (4): 422/538 kB | 344/779 kB | 71 kB | 115/433 kBProgress (4): 426/538 kB | 344/779 kB | 71 kB | 115/433 kBProgress (4): 426/538 kB | 348/779 kB | 71 kB | 115/433 kBProgress (4): 426/538 kB | 353/779 kB | 71 kB | 115/433 kBProgress (4): 426/538 kB | 357/779 kB | 71 kB | 115/433 kBProgress (4): 426/538 kB | 361/779 kB | 71 kB | 115/433 kBProgress (4): 426/538 kB | 365/779 kB | 71 kB | 115/433 kBProgress (4): 426/538 kB | 369/779 kB | 71 kB | 115/433 kBProgress (4): 426/538 kB | 373/779 kB | 71 kB | 115/433 kBProgress (4): 430/538 kB | 373/779 kB | 71 kB | 115/433 kBProgress (4): 430/538 kB | 377/779 kB | 71 kB | 115/433 kB                                                          Downloaded from central: https://repo.maven.apache.org/maven2/org/springframework/security/spring-security-test/5.1.5.RELEASE/spring-security-test-5.1.5.RELEASE.jar (71 kB at 133 kB/s)
Progress (3): 430/538 kB | 381/779 kB | 115/433 kBProgress (3): 434/538 kB | 381/779 kB | 115/433 kBProgress (3): 434/538 kB | 381/779 kB | 119/433 kBProgress (3): 434/538 kB | 381/779 kB | 123/433 kBProgress (3): 434/538 kB | 381/779 kB | 127/433 kBProgress (3): 434/538 kB | 381/779 kB | 131/433 kBProgress (3): 438/538 kB | 381/779 kB | 131/433 kBProgress (3): 442/538 kB | 381/779 kB | 131/433 kBProgress (3): 446/538 kB | 381/779 kB | 131/433 kBProgress (3): 446/538 kB | 385/779 kB | 131/433 kBProgress (3): 450/538 kB | 385/779 kB | 131/433 kBProgress (3): 450/538 kB | 385/779 kB | 135/433 kBProgress (3): 450/538 kB | 389/779 kB | 135/433 kBProgress (3): 454/538 kB | 389/779 kB | 135/433 kBProgress (3): 454/538 kB | 389/779 kB | 140/433 kBProgress (3): 454/538 kB | 393/779 kB | 140/433 kBProgress (3): 454/538 kB | 393/779 kB | 144/433 kBProgress (3): 454/538 kB | 393/779 kB | 148/433 kBProgress (4): 454/538 kB | 393/779 kB | 148/433 kB | 2.7/490 kBProgress (4): 458/538 kB | 393/779 kB | 148/433 kB | 2.7/490 kBProgress (4): 463/538 kB | 393/779 kB | 148/433 kB | 2.7/490 kBProgress (4): 463/538 kB | 398/779 kB | 148/433 kB | 2.7/490 kBProgress (4): 463/538 kB | 402/779 kB | 148/433 kB | 2.7/490 kBProgress (4): 463/538 kB | 406/779 kB | 148/433 kB | 2.7/490 kBProgress (4): 463/538 kB | 410/779 kB | 148/433 kB | 2.7/490 kBProgress (4): 463/538 kB | 410/779 kB | 152/433 kB | 2.7/490 kBProgress (4): 463/538 kB | 410/779 kB | 156/433 kB | 2.7/490 kBProgress (4): 463/538 kB | 414/779 kB | 156/433 kB | 2.7/490 kBProgress (4): 463/538 kB | 414/779 kB | 156/433 kB | 5.5/490 kBProgress (4): 463/538 kB | 418/779 kB | 156/433 kB | 5.5/490 kBProgress (4): 467/538 kB | 418/779 kB | 156/433 kB | 5.5/490 kBProgress (4): 467/538 kB | 418/779 kB | 160/433 kB | 5.5/490 kBProgress (4): 467/538 kB | 422/779 kB | 160/433 kB | 5.5/490 kBProgress (4): 467/538 kB | 422/779 kB | 164/433 kB | 5.5/490 kBProgress (4): 467/538 kB | 426/779 kB | 164/433 kB | 5.5/490 kBProgress (4): 467/538 kB | 426/779 kB | 168/433 kB | 5.5/490 kBProgress (4): 467/538 kB | 430/779 kB | 168/433 kB | 5.5/490 kBProgress (4): 467/538 kB | 434/779 kB | 168/433 kB | 5.5/490 kBProgress (4): 467/538 kB | 439/779 kB | 168/433 kB | 5.5/490 kBProgress (4): 467/538 kB | 443/779 kB | 168/433 kB | 5.5/490 kBProgress (4): 467/538 kB | 443/779 kB | 172/433 kB | 5.5/490 kBProgress (4): 467/538 kB | 443/779 kB | 176/433 kB | 5.5/490 kBProgress (4): 467/538 kB | 443/779 kB | 180/433 kB | 5.5/490 kBProgress (4): 467/538 kB | 443/779 kB | 180/433 kB | 9.6/490 kBProgress (4): 467/538 kB | 443/779 kB | 180/433 kB | 14/490 kB Progress (4): 467/538 kB | 443/779 kB | 180/433 kB | 18/490 kBProgress (4): 467/538 kB | 447/779 kB | 180/433 kB | 18/490 kBProgress (4): 471/538 kB | 447/779 kB | 180/433 kB | 18/490 kBProgress (4): 475/538 kB | 447/779 kB | 180/433 kB | 18/490 kBProgress (4): 475/538 kB | 447/779 kB | 180/433 kB | 22/490 kBProgress (4): 479/538 kB | 447/779 kB | 180/433 kB | 22/490 kBProgress (4): 483/538 kB | 447/779 kB | 180/433 kB | 22/490 kBProgress (4): 487/538 kB | 447/779 kB | 180/433 kB | 22/490 kBProgress (4): 487/538 kB | 451/779 kB | 180/433 kB | 22/490 kBProgress (4): 487/538 kB | 455/779 kB | 180/433 kB | 22/490 kBProgress (4): 487/538 kB | 459/779 kB | 180/433 kB | 22/490 kBProgress (4): 487/538 kB | 459/779 kB | 185/433 kB | 22/490 kBProgress (4): 487/538 kB | 459/779 kB | 189/433 kB | 22/490 kBProgress (4): 487/538 kB | 459/779 kB | 193/433 kB | 22/490 kBProgress (4): 487/538 kB | 459/779 kB | 197/433 kB | 22/490 kBProgress (4): 491/538 kB | 459/779 kB | 197/433 kB | 22/490 kBProgress (4): 495/538 kB | 459/779 kB | 197/433 kB | 22/490 kBProgress (4): 499/538 kB | 459/779 kB | 197/433 kB | 22/490 kBProgress (4): 504/538 kB | 459/779 kB | 197/433 kB | 22/490 kBProgress (4): 504/538 kB | 459/779 kB | 201/433 kB | 22/490 kBProgress (4): 508/538 kB | 459/779 kB | 201/433 kB | 22/490 kBProgress (4): 508/538 kB | 459/779 kB | 205/433 kB | 22/490 kBProgress (4): 512/538 kB | 459/779 kB | 205/433 kB | 22/490 kBProgress (4): 512/538 kB | 459/779 kB | 209/433 kB | 22/490 kBProgress (4): 512/538 kB | 459/779 kB | 213/433 kB | 22/490 kBProgress (4): 512/538 kB | 459/779 kB | 213/433 kB | 26/490 kBProgress (4): 512/538 kB | 459/779 kB | 213/433 kB | 30/490 kBProgress (4): 512/538 kB | 459/779 kB | 213/433 kB | 34/490 kBProgress (4): 512/538 kB | 459/779 kB | 213/433 kB | 38/490 kBProgress (4): 516/538 kB | 459/779 kB | 213/433 kB | 38/490 kBProgress (4): 520/538 kB | 459/779 kB | 213/433 kB | 38/490 kBProgress (4): 520/538 kB | 459/779 kB | 217/433 kB | 38/490 kBProgress (4): 520/538 kB | 459/779 kB | 221/433 kB | 38/490 kBProgress (4): 520/538 kB | 459/779 kB | 226/433 kB | 38/490 kBProgress (4): 524/538 kB | 459/779 kB | 226/433 kB | 38/490 kBProgress (4): 524/538 kB | 459/779 kB | 230/433 kB | 38/490 kBProgress (4): 528/538 kB | 459/779 kB | 230/433 kB | 38/490 kBProgress (4): 532/538 kB | 459/779 kB | 230/433 kB | 38/490 kBProgress (4): 536/538 kB | 459/779 kB | 230/433 kB | 38/490 kBProgress (4): 538 kB | 459/779 kB | 230/433 kB | 38/490 kB    Progress (4): 538 kB | 463/779 kB | 230/433 kB | 38/490 kBProgress (4): 538 kB | 467/779 kB | 230/433 kB | 38/490 kBProgress (4): 538 kB | 471/779 kB | 230/433 kB | 38/490 kBProgress (4): 538 kB | 475/779 kB | 230/433 kB | 38/490 kBProgress (4): 538 kB | 479/779 kB | 230/433 kB | 38/490 kBProgress (4): 538 kB | 483/779 kB | 230/433 kB | 38/490 kBProgress (4): 538 kB | 487/779 kB | 230/433 kB | 38/490 kBProgress (4): 538 kB | 491/779 kB | 230/433 kB | 38/490 kBProgress (4): 538 kB | 491/779 kB | 230/433 kB | 42/490 kBProgress (4): 538 kB | 491/779 kB | 230/433 kB | 46/490 kBProgress (4): 538 kB | 491/779 kB | 230/433 kB | 51/490 kBProgress (4): 538 kB | 491/779 kB | 230/433 kB | 55/490 kBProgress (4): 538 kB | 495/779 kB | 230/433 kB | 55/490 kBProgress (4): 538 kB | 499/779 kB | 230/433 kB | 55/490 kBProgress (4): 538 kB | 503/779 kB | 230/433 kB | 55/490 kBProgress (4): 538 kB | 507/779 kB | 230/433 kB | 55/490 kBProgress (4): 538 kB | 507/779 kB | 234/433 kB | 55/490 kBProgress (4): 538 kB | 507/779 kB | 238/433 kB | 55/490 kBProgress (4): 538 kB | 507/779 kB | 242/433 kB | 55/490 kBProgress (4): 538 kB | 507/779 kB | 246/433 kB | 55/490 kBProgress (4): 538 kB | 507/779 kB | 246/433 kB | 59/490 kBProgress (4): 538 kB | 511/779 kB | 246/433 kB | 59/490 kBProgress (4): 538 kB | 511/779 kB | 246/433 kB | 63/490 kBProgress (4): 538 kB | 515/779 kB | 246/433 kB | 63/490 kBProgress (4): 538 kB | 515/779 kB | 246/433 kB | 67/490 kBProgress (4): 538 kB | 520/779 kB | 246/433 kB | 67/490 kBProgress (4): 538 kB | 520/779 kB | 246/433 kB | 71/490 kBProgress (4): 538 kB | 524/779 kB | 246/433 kB | 71/490 kBProgress (4): 538 kB | 528/779 kB | 246/433 kB | 71/490 kBProgress (4): 538 kB | 532/779 kB | 246/433 kB | 71/490 kBProgress (4): 538 kB | 536/779 kB | 246/433 kB | 71/490 kBProgress (4): 538 kB | 540/779 kB | 246/433 kB | 71/490 kBProgress (4): 538 kB | 540/779 kB | 246/433 kB | 75/490 kBProgress (4): 538 kB | 540/779 kB | 250/433 kB | 75/490 kBProgress (4): 538 kB | 540/779 kB | 250/433 kB | 79/490 kBProgress (4): 538 kB | 540/779 kB | 254/433 kB | 79/490 kBProgress (4): 538 kB | 540/779 kB | 254/433 kB | 83/490 kBProgress (4): 538 kB | 540/779 kB | 258/433 kB | 83/490 kBProgress (4): 538 kB | 540/779 kB | 258/433 kB | 87/490 kBProgress (4): 538 kB | 540/779 kB | 262/433 kB | 87/490 kBProgress (4): 538 kB | 544/779 kB | 262/433 kB | 87/490 kBProgress (4): 538 kB | 548/779 kB | 262/433 kB | 87/490 kBProgress (4): 538 kB | 552/779 kB | 262/433 kB | 87/490 kBProgress (4): 538 kB | 556/779 kB | 262/433 kB | 87/490 kBProgress (4): 538 kB | 556/779 kB | 267/433 kB | 87/490 kBProgress (4): 538 kB | 556/779 kB | 271/433 kB | 87/490 kBProgress (4): 538 kB | 556/779 kB | 275/433 kB | 87/490 kBProgress (4): 538 kB | 556/779 kB | 279/433 kB | 87/490 kBProgress (4): 538 kB | 556/779 kB | 283/433 kB | 87/490 kBProgress (4): 538 kB | 556/779 kB | 287/433 kB | 87/490 kBProgress (4): 538 kB | 556/779 kB | 291/433 kB | 87/490 kBProgress (4): 538 kB | 556/779 kB | 295/433 kB | 87/490 kBProgress (4): 538 kB | 556/779 kB | 295/433 kB | 92/490 kBProgress (4): 538 kB | 556/779 kB | 295/433 kB | 96/490 kBProgress (4): 538 kB | 556/779 kB | 295/433 kB | 100/490 kBProgress (4): 538 kB | 556/779 kB | 295/433 kB | 104/490 kB                                                           Downloaded from central: https://repo.maven.apache.org/maven2/org/springframework/security/spring-security-web/5.1.5.RELEASE/spring-security-web-5.1.5.RELEASE.jar (538 kB at 756 kB/s)
Progress (3): 556/779 kB | 299/433 kB | 104/490 kBProgress (3): 556/779 kB | 303/433 kB | 104/490 kBProgress (3): 556/779 kB | 307/433 kB | 104/490 kBProgress (3): 556/779 kB | 312/433 kB | 104/490 kBProgress (3): 556/779 kB | 316/433 kB | 104/490 kBProgress (3): 556/779 kB | 320/433 kB | 104/490 kBProgress (3): 556/779 kB | 324/433 kB | 104/490 kBProgress (3): 556/779 kB | 328/433 kB | 104/490 kBProgress (3): 556/779 kB | 332/433 kB | 104/490 kBProgress (3): 556/779 kB | 336/433 kB | 104/490 kBProgress (3): 556/779 kB | 340/433 kB | 104/490 kBProgress (3): 556/779 kB | 344/433 kB | 104/490 kBProgress (3): 561/779 kB | 344/433 kB | 104/490 kBProgress (3): 565/779 kB | 344/433 kB | 104/490 kBProgress (3): 569/779 kB | 344/433 kB | 104/490 kBProgress (3): 573/779 kB | 344/433 kB | 104/490 kBProgress (3): 577/779 kB | 344/433 kB | 104/490 kBProgress (3): 581/779 kB | 344/433 kB | 104/490 kBProgress (3): 585/779 kB | 344/433 kB | 104/490 kBProgress (3): 589/779 kB | 344/433 kB | 104/490 kBProgress (3): 589/779 kB | 348/433 kB | 104/490 kBProgress (3): 589/779 kB | 348/433 kB | 108/490 kBProgress (3): 589/779 kB | 353/433 kB | 108/490 kBProgress (3): 589/779 kB | 353/433 kB | 112/490 kBProgress (3): 589/779 kB | 357/433 kB | 112/490 kBProgress (3): 589/779 kB | 357/433 kB | 116/490 kBProgress (3): 589/779 kB | 361/433 kB | 116/490 kBProgress (3): 589/779 kB | 361/433 kB | 120/490 kBProgress (3): 593/779 kB | 361/433 kB | 120/490 kBProgress (3): 597/779 kB | 361/433 kB | 120/490 kBProgress (3): 602/779 kB | 361/433 kB | 120/490 kBProgress (3): 606/779 kB | 361/433 kB | 120/490 kBProgress (3): 606/779 kB | 365/433 kB | 120/490 kBProgress (3): 606/779 kB | 369/433 kB | 120/490 kBProgress (3): 606/779 kB | 373/433 kB | 120/490 kBProgress (3): 606/779 kB | 377/433 kB | 120/490 kBProgress (3): 610/779 kB | 377/433 kB | 120/490 kBProgress (3): 614/779 kB | 377/433 kB | 120/490 kBProgress (3): 618/779 kB | 377/433 kB | 120/490 kBProgress (3): 622/779 kB | 377/433 kB | 120/490 kBProgress (3): 622/779 kB | 381/433 kB | 120/490 kBProgress (3): 622/779 kB | 381/433 kB | 124/490 kBProgress (3): 622/779 kB | 385/433 kB | 124/490 kBProgress (3): 622/779 kB | 385/433 kB | 128/490 kBProgress (3): 622/779 kB | 389/433 kB | 128/490 kBProgress (3): 622/779 kB | 389/433 kB | 132/490 kBProgress (3): 622/779 kB | 389/433 kB | 137/490 kBProgress (3): 622/779 kB | 393/433 kB | 137/490 kBProgress (3): 626/779 kB | 393/433 kB | 137/490 kBProgress (3): 630/779 kB | 393/433 kB | 137/490 kBProgress (3): 634/779 kB | 393/433 kB | 137/490 kBProgress (3): 638/779 kB | 393/433 kB | 137/490 kBProgress (3): 638/779 kB | 393/433 kB | 141/490 kBProgress (3): 638/779 kB | 398/433 kB | 141/490 kBProgress (3): 638/779 kB | 398/433 kB | 145/490 kBProgress (3): 638/779 kB | 402/433 kB | 145/490 kBProgress (3): 638/779 kB | 402/433 kB | 149/490 kBProgress (3): 638/779 kB | 406/433 kB | 149/490 kBProgress (3): 638/779 kB | 406/433 kB | 153/490 kBProgress (3): 638/779 kB | 410/433 kB | 153/490 kBProgress (3): 642/779 kB | 410/433 kB | 153/490 kBProgress (3): 647/779 kB | 410/433 kB | 153/490 kBProgress (3): 651/779 kB | 410/433 kB | 153/490 kBProgress (3): 655/779 kB | 410/433 kB | 153/490 kBProgress (3): 655/779 kB | 410/433 kB | 157/490 kBProgress (3): 655/779 kB | 410/433 kB | 161/490 kBProgress (3): 655/779 kB | 410/433 kB | 165/490 kBProgress (3): 655/779 kB | 410/433 kB | 169/490 kBProgress (3): 655/779 kB | 414/433 kB | 169/490 kBProgress (3): 655/779 kB | 414/433 kB | 173/490 kBProgress (3): 655/779 kB | 418/433 kB | 173/490 kBProgress (3): 655/779 kB | 418/433 kB | 178/490 kBProgress (3): 655/779 kB | 422/433 kB | 178/490 kBProgress (3): 655/779 kB | 422/433 kB | 182/490 kBProgress (3): 655/779 kB | 426/433 kB | 182/490 kBProgress (3): 655/779 kB | 426/433 kB | 186/490 kBProgress (3): 659/779 kB | 426/433 kB | 186/490 kBProgress (3): 663/779 kB | 426/433 kB | 186/490 kBProgress (3): 667/779 kB | 426/433 kB | 186/490 kBProgress (3): 671/779 kB | 426/433 kB | 186/490 kBProgress (3): 671/779 kB | 430/433 kB | 186/490 kBProgress (3): 671/779 kB | 433 kB | 186/490 kB    Progress (3): 671/779 kB | 433 kB | 190/490 kBProgress (3): 671/779 kB | 433 kB | 194/490 kBProgress (3): 671/779 kB | 433 kB | 198/490 kBProgress (3): 671/779 kB | 433 kB | 202/490 kBProgress (3): 671/779 kB | 433 kB | 206/490 kBProgress (3): 671/779 kB | 433 kB | 210/490 kBProgress (3): 671/779 kB | 433 kB | 214/490 kBProgress (3): 671/779 kB | 433 kB | 218/490 kBProgress (3): 671/779 kB | 433 kB | 223/490 kBProgress (3): 671/779 kB | 433 kB | 227/490 kBProgress (3): 671/779 kB | 433 kB | 231/490 kBProgress (3): 671/779 kB | 433 kB | 235/490 kBProgress (3): 675/779 kB | 433 kB | 235/490 kBProgress (3): 679/779 kB | 433 kB | 235/490 kBProgress (3): 683/779 kB | 433 kB | 235/490 kBProgress (3): 688/779 kB | 433 kB | 235/490 kBProgress (3): 692/779 kB | 433 kB | 235/490 kBProgress (3): 696/779 kB | 433 kB | 235/490 kBProgress (3): 700/779 kB | 433 kB | 235/490 kBProgress (3): 704/779 kB | 433 kB | 235/490 kBProgress (3): 704/779 kB | 433 kB | 239/490 kBProgress (3): 704/779 kB | 433 kB | 243/490 kBProgress (3): 704/779 kB | 433 kB | 247/490 kBProgress (3): 704/779 kB | 433 kB | 251/490 kBProgress (3): 708/779 kB | 433 kB | 251/490 kBProgress (3): 712/779 kB | 433 kB | 251/490 kBProgress (3): 716/779 kB | 433 kB | 251/490 kBProgress (3): 720/779 kB | 433 kB | 251/490 kBProgress (3): 720/779 kB | 433 kB | 255/490 kBProgress (3): 720/779 kB | 433 kB | 259/490 kBProgress (3): 720/779 kB | 433 kB | 264/490 kB                                              Downloaded from central: https://repo.maven.apache.org/maven2/org/springframework/security/spring-security-core/5.1.5.RELEASE/spring-security-core-5.1.5.RELEASE.jar (433 kB at 500 kB/s)
Progress (2): 720/779 kB | 268/490 kBProgress (2): 724/779 kB | 268/490 kBProgress (2): 728/779 kB | 268/490 kBProgress (2): 733/779 kB | 268/490 kBProgress (2): 737/779 kB | 268/490 kBProgress (2): 741/779 kB | 268/490 kBProgress (2): 745/779 kB | 268/490 kBProgress (2): 749/779 kB | 268/490 kBProgress (2): 753/779 kB | 268/490 kBProgress (2): 757/779 kB | 268/490 kBProgress (2): 761/779 kB | 268/490 kBProgress (2): 761/779 kB | 272/490 kBProgress (2): 761/779 kB | 276/490 kBProgress (2): 761/779 kB | 280/490 kBProgress (2): 761/779 kB | 284/490 kBProgress (2): 761/779 kB | 288/490 kBProgress (2): 761/779 kB | 292/490 kBProgress (2): 761/779 kB | 296/490 kBProgress (2): 761/779 kB | 300/490 kBProgress (2): 765/779 kB | 300/490 kBProgress (2): 769/779 kB | 300/490 kBProgress (2): 774/779 kB | 300/490 kBProgress (2): 778/779 kB | 300/490 kBProgress (2): 778/779 kB | 304/490 kBProgress (2): 778/779 kB | 309/490 kBProgress (2): 779 kB | 309/490 kB    Progress (2): 779 kB | 313/490 kBProgress (2): 779 kB | 317/490 kBProgress (2): 779 kB | 321/490 kBProgress (2): 779 kB | 325/490 kBProgress (2): 779 kB | 329/490 kBProgress (2): 779 kB | 333/490 kBProgress (2): 779 kB | 337/490 kBProgress (2): 779 kB | 341/490 kBProgress (2): 779 kB | 345/490 kBProgress (2): 779 kB | 350/490 kBProgress (2): 779 kB | 354/490 kBProgress (2): 779 kB | 358/490 kBProgress (2): 779 kB | 362/490 kBProgress (2): 779 kB | 366/490 kBProgress (2): 779 kB | 370/490 kBProgress (2): 779 kB | 374/490 kBProgress (2): 779 kB | 378/490 kBProgress (2): 779 kB | 382/490 kB                                 Downloaded from central: https://repo.maven.apache.org/maven2/org/springframework/security/spring-security-config/5.1.5.RELEASE/spring-security-config-5.1.5.RELEASE.jar (779 kB at 830 kB/s)
Progress (1): 386/490 kBProgress (1): 391/490 kBProgress (1): 395/490 kBProgress (1): 399/490 kBProgress (1): 403/490 kBProgress (1): 407/490 kBProgress (1): 411/490 kBProgress (1): 415/490 kBProgress (1): 419/490 kBProgress (1): 423/490 kBProgress (1): 427/490 kBProgress (1): 431/490 kBProgress (1): 436/490 kBProgress (1): 440/490 kBProgress (1): 444/490 kBProgress (1): 448/490 kBProgress (1): 452/490 kBProgress (1): 456/490 kBProgress (1): 460/490 kBProgress (1): 464/490 kBProgress (1): 468/490 kBProgress (1): 472/490 kBProgress (1): 475/490 kBProgress (1): 479/490 kBProgress (1): 483/490 kBProgress (1): 487/490 kBProgress (1): 490 kB                        Downloaded from central: https://repo.maven.apache.org/maven2/log4j/log4j/1.2.17/log4j-1.2.17.jar (490 kB at 500 kB/s)
[INFO] 
[INFO] --- maven-clean-plugin:3.1.0:clean (default-clean) @ auth-course ---
[INFO] 
[INFO] --- maven-resources-plugin:3.1.0:resources (default-resources) @ auth-course ---
[INFO] Using 'UTF-8' encoding to copy filtered resources.
[INFO] Copying 1 resource
[INFO] Copying 3 resources
[INFO] 
[INFO] --- maven-compiler-plugin:3.8.1:compile (default-compile) @ auth-course ---
[INFO] Changes detected - recompiling the module!
[INFO] Compiling 20 source files to /var/jenkins_home/workspace/Udacity-JWDND-ECommerce-App/starter_code/target/classes
[INFO] 
[INFO] --- maven-resources-plugin:3.1.0:resources (default-resources) @ auth-course ---
[INFO] Using 'UTF-8' encoding to copy filtered resources.
[INFO] Copying 1 resource
[INFO] Copying 3 resources
[INFO] 
[INFO] --- maven-compiler-plugin:3.8.1:compile (default-compile) @ auth-course ---
[INFO] Changes detected - recompiling the module!
[INFO] Compiling 20 source files to /var/jenkins_home/workspace/Udacity-JWDND-ECommerce-App/starter_code/target/classes
[INFO] 
[INFO] --- maven-resources-plugin:3.1.0:testResources (default-testResources) @ auth-course ---
[INFO] Using 'UTF-8' encoding to copy filtered resources.
[INFO] skip non existing resourceDirectory /var/jenkins_home/workspace/Udacity-JWDND-ECommerce-App/starter_code/src/test/resources
[INFO] 
[INFO] --- maven-compiler-plugin:3.8.1:testCompile (default-testCompile) @ auth-course ---
[INFO] Changes detected - recompiling the module!
[INFO] Compiling 7 source files to /var/jenkins_home/workspace/Udacity-JWDND-ECommerce-App/starter_code/target/test-classes
[INFO] /var/jenkins_home/workspace/Udacity-JWDND-ECommerce-App/starter_code/src/test/java/com/example/demo/TestUtils.java: /var/jenkins_home/workspace/Udacity-JWDND-ECommerce-App/starter_code/src/test/java/com/example/demo/TestUtils.java uses or overrides a deprecated API.
[INFO] /var/jenkins_home/workspace/Udacity-JWDND-ECommerce-App/starter_code/src/test/java/com/example/demo/TestUtils.java: Recompile with -Xlint:deprecation for details.
[INFO] 
[INFO] --- maven-surefire-plugin:2.22.2:test (default-test) @ auth-course ---
[INFO] 
[INFO] -------------------------------------------------------
[INFO]  T E S T S
[INFO] -------------------------------------------------------
[INFO] Running com.example.demo.SareetaApplicationTests
[INFO] Tests run: 1, Failures: 0, Errors: 0, Skipped: 0, Time elapsed: 0.301 s - in com.example.demo.SareetaApplicationTests
[INFO] Running com.example.demo.controller.OrderControllerTest
ERROR [main] (OrderController.java:53) - Error! Can't find user 'notfound' for getting the order history
 INFO [main] (OrderController.java:44) - Order for user testUser was successfully submitted.
[INFO] Tests run: 3, Failures: 0, Errors: 0, Skipped: 0, Time elapsed: 1.654 s - in com.example.demo.controller.OrderControllerTest
[INFO] Running com.example.demo.controller.ItemControllerTest
[INFO] Tests run: 3, Failures: 0, Errors: 0, Skipped: 0, Time elapsed: 0.107 s - in com.example.demo.controller.ItemControllerTest
[INFO] Running com.example.demo.controller.UserControllerTest
ERROR [main] (UserController.java:53) - Error with user password. Cannot create user test.
 INFO [main] (UserController.java:59) - User with username test successfully created.
[INFO] Tests run: 4, Failures: 0, Errors: 0, Skipped: 0, Time elapsed: 0.191 s - in com.example.demo.controller.UserControllerTest
[INFO] Running com.example.demo.controller.CartControllerTest
ERROR [main] (CartController.java:67) - Requested item does not exist!
 INFO [main] (CartController.java:54) - Item was successfully added to cart of user testUser.
 INFO [main] (CartController.java:54) - Item was successfully added to cart of user testUser.
 INFO [main] (CartController.java:74) - Item was successfully removed from cart of user testUser.
[INFO] Tests run: 3, Failures: 0, Errors: 0, Skipped: 0, Time elapsed: 0.003 s - in com.example.demo.controller.CartControllerTest
[INFO] 
[INFO] Results:
[INFO] 
[INFO] Tests run: 14, Failures: 0, Errors: 0, Skipped: 0
[INFO] 
[INFO] 
[INFO] --- maven-war-plugin:3.2.2:war (default-war) @ auth-course ---
[INFO] Packaging webapp
[INFO] Assembling webapp [auth-course] in [/var/jenkins_home/workspace/Udacity-JWDND-ECommerce-App/starter_code/target/auth-course-0.0.1-SNAPSHOT]
[INFO] Processing war project
[INFO] Webapp assembled in [438 msecs]
[INFO] Building war: /var/jenkins_home/workspace/Udacity-JWDND-ECommerce-App/starter_code/target/auth-course-0.0.1-SNAPSHOT.war
[INFO] 
[INFO] --- spring-boot-maven-plugin:2.1.5.RELEASE:repackage (repackage) @ auth-course ---
[INFO] Replacing main artifact with repackaged archive
[INFO] ------------------------------------------------------------------------
[INFO] BUILD SUCCESS
[INFO] ------------------------------------------------------------------------
[INFO] Total time:  22.214 s
[INFO] Finished at: 2021-12-24T12:01:13Z
[INFO] ------------------------------------------------------------------------
[DeployPublisher][INFO] Attempting to deploy 1 war file(s)
[DeployPublisher][INFO] Deploying /var/jenkins_home/workspace/Udacity-JWDND-ECommerce-App/starter_code/target/auth-course-0.0.1-SNAPSHOT.war to container Tomcat 9.x Remote with context udacity-jwdnd-ecommerce-app
  [/var/jenkins_home/workspace/Udacity-JWDND-ECommerce-App/starter_code/target/auth-course-0.0.1-SNAPSHOT.war] is not deployed. Doing a fresh deployment.
  Deploying [/var/jenkins_home/workspace/Udacity-JWDND-ECommerce-App/starter_code/target/auth-course-0.0.1-SNAPSHOT.war]
Finished: SUCCESS
